[2025-06-14 09:48:47,386] 1025 httpx - INFO - HTTP Request: GET https://dagshub.com/api/v1/user "HTTP/1.1 200 OK"
[2025-06-14 09:48:47,386] 107 dagshub - INFO - Accessing as Olumide2Oba
[2025-06-14 09:48:48,172] 1025 httpx - INFO - HTTP Request: GET https://dagshub.com/api/v1/repos/Olumide2Oba/NetworkSecurity "HTTP/1.1 200 OK"
[2025-06-14 09:48:49,174] 1025 httpx - INFO - HTTP Request: GET https://dagshub.com/api/v1/user "HTTP/1.1 200 OK"
[2025-06-14 09:48:49,190] 107 dagshub - INFO - Initialized MLflow to track repo "Olumide2Oba/NetworkSecurity"
[2025-06-14 09:48:49,190] 107 dagshub - INFO - Repository Olumide2Oba/NetworkSecurity initialized!
[2025-06-14 09:48:49,190] 19 root - INFO - Initiate the data Ingestion
[2025-06-14 09:48:59,444] 65 root - INFO - Performed train test split on the dataframe
[2025-06-14 09:48:59,444] 67 root - INFO - Exited split_data_as_train_test method of Data_Ingestion class
[2025-06-14 09:48:59,444] 75 root - INFO - Exporting train and test file path.
[2025-06-14 09:48:59,679] 84 root - INFO - Exported train and test file path.
[2025-06-14 09:48:59,679] 21 root - INFO - Data Initiation Completed
[2025-06-14 09:48:59,708] 25 root - INFO - Initiate the data validation
[2025-06-14 09:48:59,884] 32 root - INFO - Required number of columns:2
[2025-06-14 09:48:59,884] 33 root - INFO - Data frame has columns:31
[2025-06-14 09:48:59,884] 32 root - INFO - Required number of columns:2
[2025-06-14 09:48:59,884] 33 root - INFO - Data frame has columns:31
[2025-06-14 09:49:00,414] 27 root - INFO - data validation completed
[2025-06-14 09:49:00,414] 30 root - INFO - Data Transformation Started
[2025-06-14 09:49:00,414] 62 root - INFO - Entered initiate_data_tranformation method of DataTransformation class
[2025-06-14 09:49:00,414] 65 root - INFO - Starting data transformation
[2025-06-14 09:49:00,523] 49 root - INFO - Entered get_transformer_object method of Transformation class
[2025-06-14 09:49:00,523] 53 root - INFO - Initialize KNNImputer with {'missing_values': nan, 'n_neighbors': 3, 'weights': 'uniform'}
[2025-06-14 09:49:00,556] 50 root - INFO - Enter the save_object method of main utils
[2025-06-14 09:49:00,563] 54 root - INFO - Exited the save_object method of mainutils class
[2025-06-14 09:49:00,563] 50 root - INFO - Enter the save_object method of main utils
[2025-06-14 09:49:00,573] 54 root - INFO - Exited the save_object method of mainutils class
[2025-06-14 09:49:00,580] 34 root - INFO - Data Transformation Completed
[2025-06-14 09:49:00,580] 36 root - INFO - Model Training started
