[2025-06-11 11:17:30,013] 1025 httpx - INFO - HTTP Request: GET https://dagshub.com/api/v1/user "HTTP/1.1 200 OK"
[2025-06-11 11:17:30,028] 107 dagshub - INFO - Accessing as Olumide2Oba
[2025-06-11 11:17:30,894] 1025 httpx - INFO - HTTP Request: GET https://dagshub.com/api/v1/repos/Olumide2Oba/NetworkSecurity "HTTP/1.1 200 OK"
[2025-06-11 11:17:31,939] 1025 httpx - INFO - HTTP Request: GET https://dagshub.com/api/v1/user "HTTP/1.1 200 OK"
[2025-06-11 11:17:31,939] 107 dagshub - INFO - Initialized MLflow to track repo "Olumide2Oba/NetworkSecurity"
[2025-06-11 11:17:31,939] 107 dagshub - INFO - Repository Olumide2Oba/NetworkSecurity initialized!
[2025-06-11 11:17:31,939] 19 root - INFO - Initiate the data Ingestion
[2025-06-11 11:17:44,343] 65 root - INFO - Performed train test split on the dataframe
[2025-06-11 11:17:44,343] 67 root - INFO - Exited split_data_as_train_test method of Data_Ingestion class
[2025-06-11 11:17:44,343] 75 root - INFO - Exporting train and test file path.
[2025-06-11 11:17:44,630] 84 root - INFO - Exported train and test file path.
[2025-06-11 11:17:44,632] 21 root - INFO - Data Initiation Completed
[2025-06-11 11:17:44,649] 25 root - INFO - Initiate the data validation
[2025-06-11 11:17:44,820] 32 root - INFO - Required number of columns:2
[2025-06-11 11:17:44,820] 33 root - INFO - Data frame has columns:31
[2025-06-11 11:17:44,820] 32 root - INFO - Required number of columns:2
[2025-06-11 11:17:44,820] 33 root - INFO - Data frame has columns:31
[2025-06-11 11:17:45,330] 27 root - INFO - data validation completed
[2025-06-11 11:17:45,330] 30 root - INFO - Data Transformation Started
[2025-06-11 11:17:45,345] 62 root - INFO - Entered initiate_data_tranformation method of DataTransformation class
[2025-06-11 11:17:45,345] 65 root - INFO - Starting data transformation
[2025-06-11 11:17:45,438] 49 root - INFO - Entered get_transformer_object method of Transformation class
[2025-06-11 11:17:45,438] 53 root - INFO - Initialize KNNImputer with {'missing_values': nan, 'n_neighbors': 3, 'weights': 'uniform'}
[2025-06-11 11:17:45,487] 50 root - INFO - Enter the save_object method of main utils
[2025-06-11 11:17:45,493] 54 root - INFO - Exited the save_object method of mainutils class
[2025-06-11 11:17:45,493] 50 root - INFO - Enter the save_object method of main utils
[2025-06-11 11:17:45,507] 54 root - INFO - Exited the save_object method of mainutils class
