[2025-06-09 20:32:01,552] 1025 httpx - INFO - HTTP Request: GET https://dagshub.com/api/v1/user "HTTP/1.1 200 OK"
[2025-06-09 20:32:01,567] 107 dagshub - INFO - Accessing as Olumide2Oba
[2025-06-09 20:32:02,361] 1025 httpx - INFO - HTTP Request: GET https://dagshub.com/api/v1/repos/Olumide2Oba/NetworkSecurity "HTTP/1.1 200 OK"
[2025-06-09 20:32:03,434] 1025 httpx - INFO - HTTP Request: GET https://dagshub.com/api/v1/user "HTTP/1.1 200 OK"
[2025-06-09 20:32:03,434] 107 dagshub - INFO - Initialized MLflow to track repo "Olumide2Oba/NetworkSecurity"
[2025-06-09 20:32:03,449] 107 dagshub - INFO - Repository Olumide2Oba/NetworkSecurity initialized!
[2025-06-09 20:32:03,449] 19 root - INFO - Initiate the data Ingestion
[2025-06-09 20:32:14,501] 65 root - INFO - Performed train test split on the dataframe
[2025-06-09 20:32:14,501] 67 root - INFO - Exited split_data_as_train_test method of Data_Ingestion class
[2025-06-09 20:32:14,501] 75 root - INFO - Exporting train and test file path.
[2025-06-09 20:32:14,736] 84 root - INFO - Exported train and test file path.
[2025-06-09 20:32:14,745] 21 root - INFO - Data Initiation Completed
[2025-06-09 20:32:14,752] 25 root - INFO - Initiate the data validation
[2025-06-09 20:32:14,901] 32 root - INFO - Required number of columns:2
[2025-06-09 20:32:14,901] 33 root - INFO - Data frame has columns:31
[2025-06-09 20:32:14,901] 32 root - INFO - Required number of columns:2
[2025-06-09 20:32:14,901] 33 root - INFO - Data frame has columns:31
[2025-06-09 20:32:15,317] 27 root - INFO - data validation completed
[2025-06-09 20:32:15,320] 30 root - INFO - Data Transformation Started
[2025-06-09 20:32:15,320] 61 root - INFO - Entered initiate_data_tranformation method of DataTransformation class
[2025-06-09 20:32:15,320] 64 root - INFO - Starting data transformation
[2025-06-09 20:32:15,408] 48 root - INFO - Entered get_transformer_object method of Transformation class
[2025-06-09 20:32:15,408] 52 root - INFO - Initialize KNNImputer with {'missing_values': nan, 'n_neighbors': 3, 'weights': 'uniform'}
[2025-06-09 20:32:15,425] 50 root - INFO - Enter the save_object method of main utils
[2025-06-09 20:32:15,445] 54 root - INFO - Exited the save_object method of mainutils class
[2025-06-09 20:32:15,445] 50 root - INFO - Enter the save_object method of main utils
[2025-06-09 20:32:15,447] 54 root - INFO - Exited the save_object method of mainutils class
[2025-06-09 20:32:15,447] 34 root - INFO - Data Transformation Completed
[2025-06-09 20:32:15,447] 36 root - INFO - Model Training sstared
