[2025-06-14 08:48:28,586] 1025 httpx - INFO - HTTP Request: GET https://dagshub.com/api/v1/user "HTTP/1.1 200 OK"
[2025-06-14 08:48:28,586] 107 dagshub - INFO - Accessing as Olumide2Oba
[2025-06-14 08:48:29,433] 1025 httpx - INFO - HTTP Request: GET https://dagshub.com/api/v1/repos/Olumide2Oba/NetworkSecurity "HTTP/1.1 200 OK"
[2025-06-14 08:48:30,168] 1025 httpx - INFO - HTTP Request: GET https://dagshub.com/api/v1/user "HTTP/1.1 200 OK"
[2025-06-14 08:48:30,184] 107 dagshub - INFO - Initialized MLflow to track repo "Olumide2Oba/NetworkSecurity"
[2025-06-14 08:48:30,184] 107 dagshub - INFO - Repository Olumide2Oba/NetworkSecurity initialized!
[2025-06-14 08:48:30,184] 19 root - INFO - Initiate the data Ingestion
[2025-06-14 08:48:44,655] 65 root - INFO - Performed train test split on the dataframe
[2025-06-14 08:48:44,655] 67 root - INFO - Exited split_data_as_train_test method of Data_Ingestion class
[2025-06-14 08:48:44,655] 75 root - INFO - Exporting train and test file path.
[2025-06-14 08:48:44,839] 84 root - INFO - Exported train and test file path.
[2025-06-14 08:48:44,841] 21 root - INFO - Data Initiation Completed
[2025-06-14 08:48:44,871] 25 root - INFO - Initiate the data validation
[2025-06-14 08:48:45,038] 32 root - INFO - Required number of columns:2
[2025-06-14 08:48:45,038] 33 root - INFO - Data frame has columns:31
[2025-06-14 08:48:45,038] 32 root - INFO - Required number of columns:2
[2025-06-14 08:48:45,038] 33 root - INFO - Data frame has columns:31
[2025-06-14 08:48:45,566] 27 root - INFO - data validation completed
[2025-06-14 08:48:45,566] 30 root - INFO - Data Transformation Started
[2025-06-14 08:48:45,566] 62 root - INFO - Entered initiate_data_tranformation method of DataTransformation class
[2025-06-14 08:48:45,566] 65 root - INFO - Starting data transformation
[2025-06-14 08:48:45,675] 49 root - INFO - Entered get_transformer_object method of Transformation class
[2025-06-14 08:48:45,675] 53 root - INFO - Initialize KNNImputer with {'missing_values': nan, 'n_neighbors': 3, 'weights': 'uniform'}
[2025-06-14 08:48:45,700] 50 root - INFO - Enter the save_object method of main utils
[2025-06-14 08:48:45,702] 54 root - INFO - Exited the save_object method of mainutils class
[2025-06-14 08:48:45,702] 50 root - INFO - Enter the save_object method of main utils
[2025-06-14 08:48:45,708] 54 root - INFO - Exited the save_object method of mainutils class
[2025-06-14 08:48:45,708] 34 root - INFO - Data Transformation Completed
[2025-06-14 08:48:45,708] 36 root - INFO - Model Training started
