[2025-06-15 17:33:31,925] 1025 httpx - INFO - HTTP Request: GET https://dagshub.com/api/v1/user "HTTP/1.1 200 OK"
[2025-06-15 17:33:31,929] 107 dagshub - INFO - Accessing as Olumide2Oba
[2025-06-15 17:33:33,194] 1025 httpx - INFO - HTTP Request: GET https://dagshub.com/api/v1/repos/Olumide2Oba/NetworkSecurity "HTTP/1.1 200 OK"
[2025-06-15 17:33:34,276] 1025 httpx - INFO - HTTP Request: GET https://dagshub.com/api/v1/user "HTTP/1.1 200 OK"
[2025-06-15 17:33:34,276] 107 dagshub - INFO - Initialized MLflow to track repo "Olumide2Oba/NetworkSecurity"
[2025-06-15 17:33:34,276] 107 dagshub - INFO - Repository Olumide2Oba/NetworkSecurity initialized!
[2025-06-15 17:33:34,276] 19 root - INFO - Initiate the data Ingestion
[2025-06-15 17:33:45,873] 65 root - INFO - Performed train test split on the dataframe
[2025-06-15 17:33:45,873] 67 root - INFO - Exited split_data_as_train_test method of Data_Ingestion class
[2025-06-15 17:33:45,873] 75 root - INFO - Exporting train and test file path.
[2025-06-15 17:33:46,050] 84 root - INFO - Exported train and test file path.
[2025-06-15 17:33:46,050] 21 root - INFO - Data Initiation Completed
[2025-06-15 17:33:46,074] 25 root - INFO - Initiate the data validation
[2025-06-15 17:33:46,252] 32 root - INFO - Required number of columns:2
[2025-06-15 17:33:46,252] 33 root - INFO - Data frame has columns:31
[2025-06-15 17:33:46,252] 32 root - INFO - Required number of columns:2
[2025-06-15 17:33:46,252] 33 root - INFO - Data frame has columns:31
[2025-06-15 17:33:46,780] 27 root - INFO - data validation completed
[2025-06-15 17:33:46,780] 30 root - INFO - Data Transformation Started
[2025-06-15 17:33:46,780] 62 root - INFO - Entered initiate_data_tranformation method of DataTransformation class
[2025-06-15 17:33:46,780] 65 root - INFO - Starting data transformation
[2025-06-15 17:33:46,905] 49 root - INFO - Entered get_transformer_object method of Transformation class
[2025-06-15 17:33:46,905] 53 root - INFO - Initialize KNNImputer with {'missing_values': nan, 'n_neighbors': 3, 'weights': 'uniform'}
[2025-06-15 17:33:46,941] 50 root - INFO - Enter the save_object method of main utils
[2025-06-15 17:33:46,948] 54 root - INFO - Exited the save_object method of mainutils class
[2025-06-15 17:33:46,948] 50 root - INFO - Enter the save_object method of main utils
[2025-06-15 17:33:46,956] 54 root - INFO - Exited the save_object method of mainutils class
[2025-06-15 17:33:46,960] 34 root - INFO - Data Transformation Completed
[2025-06-15 17:33:46,960] 36 root - INFO - Model Training started
[2025-06-15 17:50:36,307] 50 root - INFO - Enter the save_object method of main utils
[2025-06-15 17:50:36,307] 54 root - INFO - Exited the save_object method of mainutils class
[2025-06-15 17:50:36,307] 50 root - INFO - Enter the save_object method of main utils
[2025-06-15 17:50:36,333] 54 root - INFO - Exited the save_object method of mainutils class
[2025-06-15 17:50:36,333] 126 root - INFO - Model trainer artifact: ModelTrainerArtifact(trained_model_file_path='Artifacts\\06_15_2025_17_33_20\\model_trainer\\trained_model\\model.pkl', train_metric_artifact=ClassificationMetricArtifact(f1_score=0.9917106254709872, precision=0.9897713598074609, recall=0.9936575052854123), test_metric_artifact=ClassificationMetricArtifact(f1_score=0.9855919816245563, precision=0.9800664451827242, recall=0.991180176396472))
[2025-06-15 17:50:36,333] 42 root - INFO - Model Training Artifact Created
