[2025-06-15 18:03:17,711] 1025 httpx - INFO - HTTP Request: GET https://dagshub.com/api/v1/user "HTTP/1.1 200 OK"
[2025-06-15 18:03:17,718] 107 dagshub - INFO - Accessing as Olumide2Oba
[2025-06-15 18:03:18,630] 1025 httpx - INFO - HTTP Request: GET https://dagshub.com/api/v1/repos/Olumide2Oba/NetworkSecurity "HTTP/1.1 200 OK"
[2025-06-15 18:03:19,870] 1025 httpx - INFO - HTTP Request: GET https://dagshub.com/api/v1/user "HTTP/1.1 200 OK"
[2025-06-15 18:03:19,874] 107 dagshub - INFO - Initialized MLflow to track repo "Olumide2Oba/NetworkSecurity"
[2025-06-15 18:03:19,876] 107 dagshub - INFO - Repository Olumide2Oba/NetworkSecurity initialized!
[2025-06-15 18:03:19,876] 19 root - INFO - Initiate the data Ingestion
[2025-06-15 18:03:31,449] 65 root - INFO - Performed train test split on the dataframe
[2025-06-15 18:03:31,449] 67 root - INFO - Exited split_data_as_train_test method of Data_Ingestion class
[2025-06-15 18:03:31,449] 75 root - INFO - Exporting train and test file path.
[2025-06-15 18:03:31,746] 84 root - INFO - Exported train and test file path.
[2025-06-15 18:03:31,747] 21 root - INFO - Data Initiation Completed
[2025-06-15 18:03:31,756] 25 root - INFO - Initiate the data validation
[2025-06-15 18:03:31,876] 32 root - INFO - Required number of columns:2
[2025-06-15 18:03:31,876] 33 root - INFO - Data frame has columns:31
[2025-06-15 18:03:31,876] 32 root - INFO - Required number of columns:2
[2025-06-15 18:03:31,876] 33 root - INFO - Data frame has columns:31
[2025-06-15 18:03:32,387] 27 root - INFO - data validation completed
[2025-06-15 18:03:32,388] 30 root - INFO - Data Transformation Started
[2025-06-15 18:03:32,388] 62 root - INFO - Entered initiate_data_tranformation method of DataTransformation class
[2025-06-15 18:03:32,388] 65 root - INFO - Starting data transformation
[2025-06-15 18:03:32,484] 49 root - INFO - Entered get_transformer_object method of Transformation class
[2025-06-15 18:03:32,484] 53 root - INFO - Initialize KNNImputer with {'missing_values': nan, 'n_neighbors': 3, 'weights': 'uniform'}
[2025-06-15 18:03:32,511] 50 root - INFO - Enter the save_object method of main utils
[2025-06-15 18:03:32,517] 54 root - INFO - Exited the save_object method of mainutils class
[2025-06-15 18:03:32,517] 50 root - INFO - Enter the save_object method of main utils
[2025-06-15 18:03:32,524] 54 root - INFO - Exited the save_object method of mainutils class
[2025-06-15 18:03:32,528] 34 root - INFO - Data Transformation Completed
[2025-06-15 18:03:32,529] 36 root - INFO - Model Training started
[2025-06-15 18:20:55,351] 50 root - INFO - Enter the save_object method of main utils
[2025-06-15 18:20:55,352] 54 root - INFO - Exited the save_object method of mainutils class
[2025-06-15 18:20:55,352] 50 root - INFO - Enter the save_object method of main utils
[2025-06-15 18:20:55,409] 54 root - INFO - Exited the save_object method of mainutils class
[2025-06-15 18:20:55,409] 126 root - INFO - Model trainer artifact: ModelTrainerArtifact(trained_model_file_path='Artifacts\\06_15_2025_18_03_07\\model_trainer\\trained_model\\model.pkl', train_metric_artifact=ClassificationMetricArtifact(f1_score=0.9912710025732883, precision=0.9897229219143577, recall=0.9928239336971902), test_metric_artifact=ClassificationMetricArtifact(f1_score=0.986171310629515, precision=0.9851546391752577, recall=0.9871900826446282))
[2025-06-15 18:20:55,413] 42 root - INFO - Model Training Artifact Created
