[2025-06-14 09:18:01,807] 1025 httpx - INFO - HTTP Request: GET https://dagshub.com/api/v1/user "HTTP/1.1 200 OK"
[2025-06-14 09:18:01,809] 107 dagshub - INFO - Accessing as Olumide2Oba
[2025-06-14 09:18:02,733] 1025 httpx - INFO - HTTP Request: GET https://dagshub.com/api/v1/repos/Olumide2Oba/NetworkSecurity "HTTP/1.1 200 OK"
[2025-06-14 09:18:03,534] 1025 httpx - INFO - HTTP Request: GET https://dagshub.com/api/v1/user "HTTP/1.1 200 OK"
[2025-06-14 09:18:03,534] 107 dagshub - INFO - Initialized MLflow to track repo "Olumide2Oba/NetworkSecurity"
[2025-06-14 09:18:03,534] 107 dagshub - INFO - Repository Olumide2Oba/NetworkSecurity initialized!
[2025-06-14 09:18:03,534] 19 root - INFO - Initiate the data Ingestion
[2025-06-14 09:18:14,491] 65 root - INFO - Performed train test split on the dataframe
[2025-06-14 09:18:14,491] 67 root - INFO - Exited split_data_as_train_test method of Data_Ingestion class
[2025-06-14 09:18:14,491] 75 root - INFO - Exporting train and test file path.
[2025-06-14 09:18:14,790] 84 root - INFO - Exported train and test file path.
[2025-06-14 09:18:14,790] 21 root - INFO - Data Initiation Completed
[2025-06-14 09:18:14,821] 25 root - INFO - Initiate the data validation
[2025-06-14 09:18:15,016] 32 root - INFO - Required number of columns:2
[2025-06-14 09:18:15,016] 33 root - INFO - Data frame has columns:31
[2025-06-14 09:18:15,016] 32 root - INFO - Required number of columns:2
[2025-06-14 09:18:15,016] 33 root - INFO - Data frame has columns:31
[2025-06-14 09:18:15,560] 27 root - INFO - data validation completed
[2025-06-14 09:18:15,560] 30 root - INFO - Data Transformation Started
[2025-06-14 09:18:15,560] 62 root - INFO - Entered initiate_data_tranformation method of DataTransformation class
[2025-06-14 09:18:15,560] 65 root - INFO - Starting data transformation
[2025-06-14 09:18:15,656] 49 root - INFO - Entered get_transformer_object method of Transformation class
[2025-06-14 09:18:15,656] 53 root - INFO - Initialize KNNImputer with {'missing_values': nan, 'n_neighbors': 3, 'weights': 'uniform'}
[2025-06-14 09:18:15,687] 50 root - INFO - Enter the save_object method of main utils
[2025-06-14 09:18:15,687] 54 root - INFO - Exited the save_object method of mainutils class
[2025-06-14 09:18:15,687] 50 root - INFO - Enter the save_object method of main utils
[2025-06-14 09:18:15,703] 54 root - INFO - Exited the save_object method of mainutils class
[2025-06-14 09:18:15,703] 34 root - INFO - Data Transformation Completed
[2025-06-14 09:18:15,703] 36 root - INFO - Model Training started
