[2025-06-15 17:07:00,277] 1025 httpx - INFO - HTTP Request: GET https://dagshub.com/api/v1/user "HTTP/1.1 200 OK"
[2025-06-15 17:07:00,277] 107 dagshub - INFO - Accessing as Olumide2Oba
[2025-06-15 17:07:01,341] 1025 httpx - INFO - HTTP Request: GET https://dagshub.com/api/v1/repos/Olumide2Oba/NetworkSecurity "HTTP/1.1 200 OK"
[2025-06-15 17:07:02,567] 1025 httpx - INFO - HTTP Request: GET https://dagshub.com/api/v1/user "HTTP/1.1 200 OK"
[2025-06-15 17:07:02,567] 107 dagshub - INFO - Initialized MLflow to track repo "Olumide2Oba/NetworkSecurity"
[2025-06-15 17:07:02,583] 107 dagshub - INFO - Repository Olumide2Oba/NetworkSecurity initialized!
[2025-06-15 17:07:02,583] 19 root - INFO - Initiate the data Ingestion
[2025-06-15 17:07:14,341] 65 root - INFO - Performed train test split on the dataframe
[2025-06-15 17:07:14,350] 67 root - INFO - Exited split_data_as_train_test method of Data_Ingestion class
[2025-06-15 17:07:14,350] 75 root - INFO - Exporting train and test file path.
[2025-06-15 17:07:14,591] 84 root - INFO - Exported train and test file path.
[2025-06-15 17:07:14,591] 21 root - INFO - Data Initiation Completed
[2025-06-15 17:07:14,616] 25 root - INFO - Initiate the data validation
[2025-06-15 17:07:14,794] 32 root - INFO - Required number of columns:2
[2025-06-15 17:07:14,794] 33 root - INFO - Data frame has columns:31
[2025-06-15 17:07:14,794] 32 root - INFO - Required number of columns:2
[2025-06-15 17:07:14,794] 33 root - INFO - Data frame has columns:31
[2025-06-15 17:07:15,268] 27 root - INFO - data validation completed
[2025-06-15 17:07:15,268] 30 root - INFO - Data Transformation Started
[2025-06-15 17:07:15,268] 62 root - INFO - Entered initiate_data_tranformation method of DataTransformation class
[2025-06-15 17:07:15,268] 65 root - INFO - Starting data transformation
[2025-06-15 17:07:15,358] 49 root - INFO - Entered get_transformer_object method of Transformation class
[2025-06-15 17:07:15,358] 53 root - INFO - Initialize KNNImputer with {'missing_values': nan, 'n_neighbors': 3, 'weights': 'uniform'}
[2025-06-15 17:07:15,376] 50 root - INFO - Enter the save_object method of main utils
[2025-06-15 17:07:15,392] 54 root - INFO - Exited the save_object method of mainutils class
[2025-06-15 17:07:15,392] 50 root - INFO - Enter the save_object method of main utils
[2025-06-15 17:07:15,392] 54 root - INFO - Exited the save_object method of mainutils class
[2025-06-15 17:07:15,409] 34 root - INFO - Data Transformation Completed
[2025-06-15 17:07:15,409] 36 root - INFO - Model Training started
[2025-06-15 17:23:30,324] 50 root - INFO - Enter the save_object method of main utils
[2025-06-15 17:23:30,324] 54 root - INFO - Exited the save_object method of mainutils class
[2025-06-15 17:23:30,324] 50 root - INFO - Enter the save_object method of main utils
[2025-06-15 17:23:30,356] 54 root - INFO - Exited the save_object method of mainutils class
[2025-06-15 17:23:30,356] 126 root - INFO - Model trainer artifact: ModelTrainerArtifact(trained_model_file_path='Artifacts\\06_15_2025_17_06_47\\model_trainer\\trained_model\\model.pkl', train_metric_artifact=ClassificationMetricArtifact(f1_score=0.9909552845528455, precision=0.9897482744620382, recall=0.9921652421652422), test_metric_artifact=ClassificationMetricArtifact(f1_score=0.9875301689460981, precision=0.9875301689460981, recall=0.9875301689460981))
[2025-06-15 17:23:30,371] 42 root - INFO - Model Training Artifact Created
