[2025-06-14 11:27:04,868] 1025 httpx - INFO - HTTP Request: GET https://dagshub.com/api/v1/user "HTTP/1.1 200 OK"
[2025-06-14 11:27:04,878] 107 dagshub - INFO - Accessing as Olumide2Oba
[2025-06-14 11:27:06,227] 1025 httpx - INFO - HTTP Request: GET https://dagshub.com/api/v1/repos/Olumide2Oba/NetworkSecurity "HTTP/1.1 200 OK"
[2025-06-14 11:27:07,259] 1025 httpx - INFO - HTTP Request: GET https://dagshub.com/api/v1/user "HTTP/1.1 200 OK"
[2025-06-14 11:27:07,263] 107 dagshub - INFO - Initialized MLflow to track repo "Olumide2Oba/NetworkSecurity"
[2025-06-14 11:27:07,265] 107 dagshub - INFO - Repository Olumide2Oba/NetworkSecurity initialized!
[2025-06-14 11:27:07,267] 19 root - INFO - Initiate the data Ingestion
[2025-06-14 11:27:37,846] 65 root - INFO - Performed train test split on the dataframe
[2025-06-14 11:27:37,846] 67 root - INFO - Exited split_data_as_train_test method of Data_Ingestion class
[2025-06-14 11:27:37,846] 75 root - INFO - Exporting train and test file path.
[2025-06-14 11:27:38,149] 84 root - INFO - Exported train and test file path.
[2025-06-14 11:27:38,150] 21 root - INFO - Data Initiation Completed
[2025-06-14 11:27:38,180] 25 root - INFO - Initiate the data validation
[2025-06-14 11:27:38,426] 32 root - INFO - Required number of columns:2
[2025-06-14 11:27:38,426] 33 root - INFO - Data frame has columns:31
[2025-06-14 11:27:38,426] 32 root - INFO - Required number of columns:2
[2025-06-14 11:27:38,426] 33 root - INFO - Data frame has columns:31
[2025-06-14 11:27:38,950] 27 root - INFO - data validation completed
[2025-06-14 11:27:38,952] 30 root - INFO - Data Transformation Started
[2025-06-14 11:27:38,952] 62 root - INFO - Entered initiate_data_tranformation method of DataTransformation class
[2025-06-14 11:27:38,952] 65 root - INFO - Starting data transformation
[2025-06-14 11:27:39,091] 49 root - INFO - Entered get_transformer_object method of Transformation class
[2025-06-14 11:27:39,091] 53 root - INFO - Initialize KNNImputer with {'missing_values': nan, 'n_neighbors': 3, 'weights': 'uniform'}
[2025-06-14 11:27:39,125] 50 root - INFO - Enter the save_object method of main utils
[2025-06-14 11:27:39,133] 54 root - INFO - Exited the save_object method of mainutils class
[2025-06-14 11:27:39,133] 50 root - INFO - Enter the save_object method of main utils
[2025-06-14 11:27:39,141] 54 root - INFO - Exited the save_object method of mainutils class
[2025-06-14 11:27:39,145] 34 root - INFO - Data Transformation Completed
[2025-06-14 11:27:39,145] 36 root - INFO - Model Training started
