[2025-06-10 09:12:06,483] 1025 httpx - INFO - HTTP Request: GET https://dagshub.com/api/v1/user "HTTP/1.1 200 OK"
[2025-06-10 09:12:06,506] 107 dagshub - INFO - Accessing as Olumide2Oba
[2025-06-10 09:12:07,560] 1025 httpx - INFO - HTTP Request: GET https://dagshub.com/api/v1/repos/Olumide2Oba/NetworkSecurity "HTTP/1.1 200 OK"
[2025-06-10 09:12:08,303] 1025 httpx - INFO - HTTP Request: GET https://dagshub.com/api/v1/user "HTTP/1.1 200 OK"
[2025-06-10 09:12:08,311] 107 dagshub - INFO - Initialized MLflow to track repo "Olumide2Oba/NetworkSecurity"
[2025-06-10 09:12:08,315] 107 dagshub - INFO - Repository Olumide2Oba/NetworkSecurity initialized!
[2025-06-10 09:12:08,319] 19 root - INFO - Initiate the data Ingestion
[2025-06-10 09:12:29,970] 65 root - INFO - Performed train test split on the dataframe
[2025-06-10 09:12:29,970] 67 root - INFO - Exited split_data_as_train_test method of Data_Ingestion class
[2025-06-10 09:12:29,976] 75 root - INFO - Exporting train and test file path.
[2025-06-10 09:12:30,213] 84 root - INFO - Exported train and test file path.
[2025-06-10 09:12:30,225] 21 root - INFO - Data Initiation Completed
[2025-06-10 09:12:30,256] 25 root - INFO - Initiate the data validation
[2025-06-10 09:12:30,429] 32 root - INFO - Required number of columns:2
[2025-06-10 09:12:30,429] 33 root - INFO - Data frame has columns:31
[2025-06-10 09:12:30,429] 32 root - INFO - Required number of columns:2
[2025-06-10 09:12:30,429] 33 root - INFO - Data frame has columns:31
[2025-06-10 09:12:30,866] 27 root - INFO - data validation completed
[2025-06-10 09:12:30,867] 30 root - INFO - Data Transformation Started
[2025-06-10 09:12:30,867] 61 root - INFO - Entered initiate_data_tranformation method of DataTransformation class
[2025-06-10 09:12:30,867] 64 root - INFO - Starting data transformation
[2025-06-10 09:12:30,958] 48 root - INFO - Entered get_transformer_object method of Transformation class
[2025-06-10 09:12:30,958] 52 root - INFO - Initialize KNNImputer with {'missing_values': nan, 'n_neighbors': 3, 'weights': 'uniform'}
[2025-06-10 09:12:30,990] 50 root - INFO - Enter the save_object method of main utils
[2025-06-10 09:12:30,995] 54 root - INFO - Exited the save_object method of mainutils class
[2025-06-10 09:12:30,995] 50 root - INFO - Enter the save_object method of main utils
[2025-06-10 09:12:31,005] 54 root - INFO - Exited the save_object method of mainutils class
[2025-06-10 09:12:31,008] 34 root - INFO - Data Transformation Completed
[2025-06-10 09:12:31,008] 36 root - INFO - Model Training sstared
